\BOOKMARK [1][-]{section.1}{\376\377\000I\000n\000t\000r\000o\000d\000u\000c\000t\000i\000o\000n}{}% 1
\BOOKMARK [1][-]{section.2}{\376\377\000P\000r\000o\000b\000l\000e\000m\000\040\000F\000o\000r\000m\000u\000l\000a\000t\000i\000o\000n}{}% 2
\BOOKMARK [2][-]{subsection.2.1}{\376\377\000S\000y\000s\000t\000e\000m\000\040\000S\000e\000t\000u\000p}{section.2}% 3
\BOOKMARK [2][-]{subsection.2.2}{\376\377\000L\000e\000a\000r\000n\000i\000n\000g\000\040\000O\000b\000j\000e\000c\000t\000i\000v\000e}{section.2}% 4
\BOOKMARK [1][-]{section.3}{\376\377\000P\000r\000o\000p\000o\000s\000e\000d\000\040\000F\000r\000a\000m\000e\000w\000o\000r\000k}{}% 5
\BOOKMARK [2][-]{subsection.3.1}{\376\377\000S\000y\000s\000t\000e\000m\000\040\000O\000v\000e\000r\000v\000i\000e\000w}{section.3}% 6
\BOOKMARK [2][-]{subsection.3.2}{\376\377\000B\000a\000c\000k\000b\000o\000n\000e\000\040\000o\000f\000\040\000S\000m\000a\000l\000l\000\040\000L\000a\000n\000g\000u\000a\000g\000e\000\040\000M\000o\000d\000e\000l\000\040\000\050\000S\000L\000M\000s\000\051}{section.3}% 7
\BOOKMARK [3][-]{subsubsection.3.2.1}{\376\377\000T\000o\000k\000e\000n\000i\000z\000e\000r\000\040\000a\000n\000d\000\040\000E\000m\000b\000e\000d\000d\000i\000n\000g\000\040\000L\000a\000y\000e\000r}{subsection.3.2}% 8
\BOOKMARK [3][-]{subsubsection.3.2.2}{\376\377\000L\000o\000w\000-\000C\000o\000s\000t\000\040\000T\000r\000a\000n\000s\000f\000o\000r\000m\000e\000r\000\040\000E\000n\000c\000o\000d\000e\000r}{subsection.3.2}% 9
\BOOKMARK [3][-]{subsubsection.3.2.3}{\376\377\000S\000h\000a\000r\000e\000d\000\040\000R\000e\000p\000r\000e\000s\000e\000n\000t\000a\000t\000i\000o\000n}{subsection.3.2}% 10
\BOOKMARK [2][-]{subsection.3.3}{\376\377\000M\000u\000l\000t\000i\000-\000T\000a\000s\000k\000\040\000L\000e\000a\000r\000n\000i\000n\000g\000\040\000S\000t\000r\000a\000t\000e\000g\000y}{section.3}% 11
\BOOKMARK [2][-]{subsection.3.4}{\376\377\000F\000e\000d\000e\000r\000a\000t\000e\000d\000\040\000O\000p\000t\000i\000m\000i\000z\000a\000t\000i\000o\000n\000\040\000a\000n\000d\000\040\000R\000e\000a\000l\000-\000T\000i\000m\000e\000\040\000A\000d\000a\000p\000t\000a\000t\000i\000o\000n}{section.3}% 12
\BOOKMARK [2][-]{subsection.3.5}{\376\377\000C\000o\000m\000m\000u\000n\000i\000c\000a\000t\000i\000o\000n\000-\000E\000f\000f\000i\000c\000i\000e\000n\000t\000\040\000F\000i\000n\000e\000-\000T\000u\000n\000i\000n\000g}{section.3}% 13
\BOOKMARK [1][-]{section.4}{\376\377\000E\000X\000P\000E\000R\000I\000M\000E\000N\000T\000S}{}% 14
\BOOKMARK [2][-]{subsection.4.1}{\376\377\000E\000x\000p\000e\000r\000i\000m\000e\000n\000t\000a\000l\000\040\000S\000e\000t\000u\000p}{section.4}% 15
\BOOKMARK [3][-]{subsubsection.4.1.1}{\376\377\000D\000a\000t\000a\000s\000e\000t\000s\000\040\000a\000n\000d\000\040\000T\000a\000s\000k\000s}{subsection.4.1}% 16
\BOOKMARK [3][-]{subsubsection.4.1.2}{\376\377\000F\000e\000d\000e\000r\000a\000t\000e\000d\000\040\000D\000a\000t\000a\000\040\000P\000a\000r\000t\000i\000t\000i\000o\000n\000i\000n\000g}{subsection.4.1}% 17
\BOOKMARK [3][-]{subsubsection.4.1.3}{\376\377\000B\000a\000s\000e\000l\000i\000n\000e\000s}{subsection.4.1}% 18
\BOOKMARK [3][-]{subsubsection.4.1.4}{\376\377\000E\000v\000a\000l\000u\000a\000t\000i\000o\000n\000\040\000M\000e\000t\000r\000i\000c\000s}{subsection.4.1}% 19
\BOOKMARK [3][-]{subsubsection.4.1.5}{\376\377\000I\000m\000p\000l\000e\000m\000e\000n\000t\000a\000t\000i\000o\000n\000\040\000D\000e\000t\000a\000i\000l\000s}{subsection.4.1}% 20
\BOOKMARK [2][-]{subsection.4.2}{\376\377\000R\000e\000s\000u\000l\000t\000s\000\040\000a\000n\000d\000\040\000D\000i\000s\000c\000u\000s\000s\000i\000o\000n}{section.4}% 21
\BOOKMARK [3][-]{subsubsection.4.2.1}{\376\377\000O\000v\000e\000r\000a\000l\000l\000\040\000P\000e\000r\000f\000o\000r\000m\000a\000n\000c\000e\000\040\000\050\000C\000o\000m\000p\000a\000r\000i\000s\000o\000n\000\040\000a\000c\000r\000o\000s\000s\000\040\000B\000a\000s\000e\000l\000i\000n\000e\000s\000\051}{subsection.4.2}% 22
\BOOKMARK [3][-]{subsubsection.4.2.2}{\376\377\000E\000f\000f\000e\000c\000t\000\040\000o\000f\000\040\000M\000u\000l\000t\000i\000-\000T\000a\000s\000k\000\040\000L\000e\000a\000r\000n\000i\000n\000g}{subsection.4.2}% 23
\BOOKMARK [3][-]{subsubsection.4.2.3}{\376\377\000F\000e\000d\000e\000r\000a\000t\000e\000d\000\040\000L\000e\000a\000r\000n\000i\000n\000g\000\040\000P\000e\000r\000f\000o\000r\000m\000a\000n\000c\000e}{subsection.4.2}% 24
\BOOKMARK [3][-]{subsubsection.4.2.4}{\376\377\000R\000e\000a\000l\000-\000T\000i\000m\000e\000\040\000I\000n\000f\000e\000r\000e\000n\000c\000e\000\040\000A\000n\000a\000l\000y\000s\000i\000s}{subsection.4.2}% 25
\BOOKMARK [3][-]{subsubsection.4.2.5}{\376\377\000C\000o\000m\000m\000u\000n\000i\000c\000a\000t\000i\000o\000n\000\040\000E\000f\000f\000i\000c\000i\000e\000n\000c\000y}{subsection.4.2}% 26
\BOOKMARK [1][-]{section.5}{\376\377\000R\000e\000l\000a\000t\000e\000d\000\040\000W\000o\000r\000k}{}% 27
\BOOKMARK [1][-]{section.6}{\376\377\000C\000O\000N\000C\000L\000U\000S\000I\000O\000N}{}% 28
\BOOKMARK [1][-]{section*.9}{\376\377\000R\000e\000f\000e\000r\000e\000n\000c\000e\000s}{}% 29
\BOOKMARK [1][-]{IEEEbiography.0}{\376\377\000B\000i\000o\000g\000r\000a\000p\000h\000i\000e\000s}{}% 30
\BOOKMARK [2][-]{IEEEbiography.1}{\376\377\000Q\000u\000a\000n\000g\000-\000V\000i\000n\000h\000\040\000P\000h\000a\000m}{IEEEbiography.0}% 31
\BOOKMARK [2][-]{IEEEbiography.2}{\376\377\000Q\000u\000a\000n\000g\000-\000H\000u\000n\000g\000\040\000L\000e}{IEEEbiography.0}% 32
